<?xml version="1.0" encoding="UTF-8"?>
<!-- Generated by org.testng.reporters.JUnitReportReporter -->
<testsuite hostname="MR-EAJYNIA-01" failures="0" tests="1" name="Allbrowser.Browser_s" time="0.004" errors="0" timestamp="2020-05-22T14:16:26 CST" skipped="0">
  <testcase classname="Allbrowser.Browser_s" name="f" time="0.004"/>
  <system-out/>
</testsuite> <!-- Allbrowser.Browser_s -->
