<?xml version="1.0" encoding="UTF-8"?>
<!-- Generated by org.testng.reporters.JUnitReportReporter -->
<testsuite hostname="MR-EAJYNIA-01" failures="0" tests="1" name="Data_provider_PageUntil.Writr_Email" time="18.629" errors="0" timestamp="2020-06-10T16:29:44 CST" skipped="0">
  <testcase classname="Data_provider_PageUntil.Writr_Email" name="loging" time="18.629"/>
  <system-out/>
</testsuite> <!-- Data_provider_PageUntil.Writr_Email -->
