<?xml version="1.0" encoding="UTF-8"?>
<!-- Generated by org.testng.reporters.JUnitReportReporter -->
<testsuite hostname="MR-EAJYNIA-01" failures="0" tests="1" name="Testng_01.Webdriver_03" time="9.844" errors="0" timestamp="2020-05-25T11:53:18 CST" skipped="0">
  <testcase classname="Testng_01.Webdriver_03" name="windowsprocessofkill" time="9.844"/>
  <system-out/>
</testsuite> <!-- Testng_01.Webdriver_03 -->
