<?xml version="1.0" encoding="UTF-8"?>
<!-- Generated by org.testng.reporters.JUnitReportReporter -->
<testsuite hostname="MR-EAJYNIA-01" failures="0" tests="1" name="Testng_01.Webdriver_06" time="17.740" errors="0" timestamp="2020-05-26T17:20:52 CST" skipped="0">
  <testcase classname="Testng_01.Webdriver_06" name="SwicheFrame" time="17.740"/>
  <system-out/>
</testsuite> <!-- Testng_01.Webdriver_06 -->
