<?xml version="1.0" encoding="UTF-8"?>
<!-- Generated by org.testng.reporters.JUnitReportReporter -->
<testsuite hostname="MR-EAJYNIA-01" failures="0" tests="1" name="Keyword_Script.Ant_Test" time="17.405" errors="0" timestamp="2020-06-24T17:31:31 CST" skipped="0">
  <testcase classname="Keyword_Script.Ant_Test" name="f" time="17.405"/>
  <system-out/>
</testsuite> <!-- Keyword_Script.Ant_Test -->
