<?xml version="1.0" encoding="UTF-8"?>
<!-- Generated by org.testng.reporters.JUnitReportReporter -->
<testsuite hostname="MR-EAJYNIA-01" failures="0" tests="1" name="TestScript.Excel_test" time="0.012" errors="0" timestamp="2020-06-15T18:19:04 CST" skipped="0">
  <testcase classname="TestScript.Excel_test" name="read_setexcel" time="0.012"/>
  <system-out/>
</testsuite> <!-- TestScript.Excel_test -->
