<?xml version="1.0" encoding="UTF-8"?>
<!-- Generated by org.testng.reporters.JUnitReportReporter -->
<testsuite hostname="MR-EAJYNIA-01" failures="0" tests="1" name="Testng_02.Heighlyelement" time="38.386" errors="0" timestamp="2020-06-02T14:33:01 CST" skipped="0">
  <testcase classname="Testng_02.Heighlyelement" name="case1" time="38.386"/>
  <system-out/>
</testsuite> <!-- Testng_02.Heighlyelement -->
