<?xml version="1.0" encoding="UTF-8"?>
<!-- Generated by org.testng.reporters.JUnitReportReporter -->
<testsuite hostname="MR-EAJYNIA-01" failures="0" tests="1" name="Testng_02.Webdriver_05_robot" time="7.080" errors="0" timestamp="2020-06-01T16:25:58 CST" skipped="0">
  <testcase classname="Testng_02.Webdriver_05_robot" name="f" time="7.080"/>
  <system-out/>
</testsuite> <!-- Testng_02.Webdriver_05_robot -->
