<?xml version="1.0" encoding="UTF-8"?>
<!-- Generated by org.testng.reporters.JUnitReportReporter -->
<testsuite hostname="MR-EAJYNIA-01" failures="0" tests="1" name="Allbrowser.Wait_mouse" time="35.778" errors="0" timestamp="2020-06-09T11:29:20 CST" skipped="0">
  <testcase classname="Allbrowser.Wait_mouse" name="case12" time="35.778"/>
  <system-out/>
</testsuite> <!-- Allbrowser.Wait_mouse -->
